\BOOKMARK [1][-]{section.0.1}{\376\377\004\036\004\101\004\075\004\076\004\062\004\075\004\113\004\065\000\040\004\077\004\076\004\064\004\101\004\070\004\101\004\102\004\065\004\074\004\113}{}% 1
\BOOKMARK [1][-]{section.0.2}{\376\377\004\027\004\060\004\072\004\103\004\077\004\072\004\070}{}% 2
\BOOKMARK [2][-]{subsection.0.2.1}{\376\377\004\037\004\076\004\101\004\102\004\103\004\077\004\073\004\065\004\075\004\070\004\065\000\040\004\102\004\076\004\062\004\060\004\100\004\076\004\062}{section.0.2}% 3
\BOOKMARK [3][-]{subsubsection.0.2.1.1}{\376\377\004\037\004\076\004\101\004\102\004\103\004\077\004\073\004\065\004\075\004\070\004\065\000\040\004\102\004\076\004\062\004\060\004\100\004\076\004\062\000\040\004\075\004\060\000\040\004\076\004\101\004\075\004\076\004\062\004\060\004\075\004\070\004\070\000\040\004\042\004\042\004\035\000\040\004\022\004\105\004\076\004\064\004\117\004\111\004\065\004\071\000\040\004\025\004\023\004\020\004\030\004\041}{subsection.0.2.1}% 4
\BOOKMARK [3][-]{subsubsection.0.2.1.2}{\376\377\004\037\004\076\004\101\004\102\004\103\004\077\004\073\004\065\004\075\004\070\004\065\000\040\004\102\004\076\004\062\004\060\004\100\004\076\004\062\000\040\004\076\004\061\004\111\004\070\004\065\000\040\004\101\004\062\004\076\004\071\004\101\004\102\004\062\004\060}{subsection.0.2.1}% 5
\BOOKMARK [3][-]{subsubsection.0.2.1.3}{\376\377\004\037\004\076\004\101\004\102\004\103\004\077\004\073\004\065\004\075\004\070\004\065\000\040\004\102\004\076\004\062\004\060\004\100\004\076\004\062\000\040\004\064\004\076\004\077\004\076\004\073\004\075\004\070\004\102\004\065\004\073\004\114\004\075\004\113\004\065\000\040\004\074\004\065\004\105\004\060\004\075\004\070\004\067\004\074\004\113}{subsection.0.2.1}% 6
\BOOKMARK [2][-]{subsection.0.2.2}{\376\377\004\022\004\076\004\067\004\062\004\100\004\060\004\102\000\040\004\102\004\076\004\062\004\060\004\100\004\076\004\062\000\040\004\077\004\076\004\101\004\102\004\060\004\062\004\111\004\070\004\072\004\103}{section.0.2}% 7
\BOOKMARK [2][-]{subsection.0.2.3}{\376\377\004\037\004\065\004\100\004\065\004\074\004\065\004\111\004\065\004\075\004\070\004\065\000\040\004\102\004\076\004\062\004\060\004\100\004\076\004\062}{section.0.2}% 8
\BOOKMARK [2][-]{subsection.0.2.4}{\376\377\004\022\004\105\004\076\004\064\004\117\004\111\004\070\004\065\000\040\004\042\004\042\004\035}{section.0.2}% 9
\BOOKMARK [2][-]{subsection.0.2.5}{\376\377\004\030\004\101\004\105\004\076\004\064\004\117\004\111\004\070\004\065\000\040\004\042\004\042\004\035}{section.0.2}% 10
\BOOKMARK [1][-]{section.0.3}{\376\377\004\037\004\100\004\076\004\064\004\060\004\066\004\070}{}% 11
\BOOKMARK [2][-]{subsection.0.3.1}{\376\377\004\036\004\102\004\107\004\065\004\102\000\040\004\076\000\040\004\100\004\076\004\067\004\075\004\070\004\107\004\075\004\113\004\105\000\040\004\077\004\100\004\076\004\064\004\060\004\066\004\060\004\105}{section.0.3}% 12
\BOOKMARK [3][-]{subsubsection.0.3.1.1}{\376\377\004\036\004\102\004\107\004\065\004\102\000\040\004\076\000\040\004\100\004\076\004\067\004\075\004\070\004\107\004\075\004\113\004\105\000\040\004\077\004\100\004\076\004\064\004\060\004\066\004\060\004\105\000\040\004\064\004\076\004\077\004\076\004\073\004\075\004\070\004\102\004\065\004\073\004\114\004\075\004\113\004\065\000\040\004\074\004\065\004\105\004\060\004\075\004\070\004\067\004\074\004\113}{subsection.0.3.1}% 13
\BOOKMARK [2][-]{subsection.0.3.2}{\376\377\004\032\004\060\004\101\004\101\004\076\004\062\004\060\004\117\000\040\004\101\004\074\004\065\004\075\004\060}{section.0.3}% 14
\BOOKMARK [2][-]{subsection.0.3.3}{\376\377\004\022\004\076\004\067\004\062\004\100\004\060\004\102\000\040\004\102\004\076\004\062\004\060\004\100\004\076\004\062\000\040\004\076\004\102\000\040\004\077\004\076\004\072\004\103\004\077\004\060\004\102\004\065\004\073\004\117}{section.0.3}% 15
\BOOKMARK [1][-]{section.0.4}{\376\377\004\041\004\072\004\073\004\060\004\064}{}% 16
\BOOKMARK [2][-]{subsection.0.4.1}{\376\377\004\036\004\077\004\100\004\070\004\105\004\076\004\064\004\076\004\062\004\060\004\075\004\070\004\065\000\040\004\102\004\076\004\062\004\060\004\100\004\076\004\062}{section.0.4}% 17
\BOOKMARK [2][-]{subsection.0.4.2}{\376\377\004\041\004\077\004\070\004\101\004\060\004\075\004\070\004\065\000\040\004\102\004\076\004\062\004\060\004\100\004\076\004\062}{section.0.4}% 18
\BOOKMARK [2][-]{subsection.0.4.3}{\376\377\004\037\004\065\004\100\004\065\004\101\004\107\004\065\004\102\000\040\004\102\004\076\004\062\004\060\004\100\004\076\004\062}{section.0.4}% 19
\BOOKMARK [2][-]{subsection.0.4.4}{\376\377\004\041\004\061\004\076\004\100\004\072\004\060\000\040\004\102\004\076\004\062\004\060\004\100\004\076\004\062}{section.0.4}% 20
\BOOKMARK [2][-]{subsection.0.4.5}{\376\377\004\037\004\100\004\070\004\105\004\076\004\064\004\075\004\113\004\071\000\040\004\076\004\100\004\064\004\065\004\100\000\040\004\075\004\060\000\040\004\102\004\076\004\062\004\060\004\100\004\113}{section.0.4}% 21
\BOOKMARK [2][-]{subsection.0.4.6}{\376\377\004\040\004\060\004\101\004\105\004\076\004\064\004\075\004\113\004\071\000\040\004\076\004\100\004\064\004\065\004\100\000\040\004\075\004\060\000\040\004\102\004\076\004\062\004\060\004\100\004\113}{section.0.4}% 22
\BOOKMARK [2][-]{subsection.0.4.7}{\376\377\004\020\004\072\004\102\000\040\004\077\004\076\004\101\004\102\004\060\004\075\004\076\004\062\004\072\004\070\000\040\004\075\004\060\000\040\004\061\004\060\004\073\004\060\004\075\004\101}{section.0.4}% 23
\BOOKMARK [2][-]{subsection.0.4.8}{\376\377\004\020\004\072\004\102\000\040\004\101\004\077\004\070\004\101\004\060\004\075\004\070\004\117}{section.0.4}% 24
\BOOKMARK [2][-]{subsection.0.4.9}{\376\377\004\037\004\065\004\100\004\065\004\064\004\060\004\107\004\060\000\040\004\062\000\040\004\100\004\065\004\063\004\070\004\101\004\102\004\100\000\040\0002}{section.0.4}% 25
\BOOKMARK [2][-]{subsection.0.4.10}{\376\377\004\022\004\076\004\067\004\062\004\100\004\060\004\102\000\040\004\070\004\067\000\040\004\100\004\065\004\063\004\070\004\101\004\102\004\100\004\060\000\040\0002}{section.0.4}% 26
\BOOKMARK [1][-]{section.0.5}{\376\377\004\044\004\070\004\075\004\060\004\075\004\101\004\113}{}% 27
\BOOKMARK [2][-]{subsection.0.5.1}{\376\377\004\037\004\100\004\070\004\105\004\076\004\064\004\075\004\113\004\071\000\040\004\072\004\060\004\101\004\101\004\076\004\062\004\113\004\071\000\040\004\076\004\100\004\065\004\064\004\065\004\100}{section.0.5}% 28
\BOOKMARK [2][-]{subsection.0.5.2}{\376\377\004\040\004\060\004\101\004\105\004\076\004\064\004\075\004\113\004\071\000\040\004\072\004\060\004\101\004\101\004\076\004\062\004\113\004\071\000\040\004\076\004\100\004\064\004\065\004\100}{section.0.5}% 29
\BOOKMARK [2][-]{subsection.0.5.3}{\376\377\004\027\004\060\004\100\004\077\004\073\004\060\004\102\004\060\000\040\004\072\000\040\004\062\004\113\004\077\004\073\004\060\004\102\004\065\000\040\004\076\004\100\004\063\004\060\004\075\004\070\004\067\004\060\004\106\004\070\004\071}{section.0.5}% 30
\BOOKMARK [1][-]{section.0.6}{\376\377\004\034\004\060\004\100\004\072\004\065\004\102\004\070\004\075\004\063}{}% 31
\BOOKMARK [2][-]{subsection.0.6.1}{\376\377\004\043\004\101\004\102\004\060\004\075\004\076\004\062\004\072\004\060\000\040\004\106\004\065\004\075\000\040\004\075\004\076\004\074\004\065\004\075\004\072\004\073\004\060\004\102\004\103\004\100\004\113}{section.0.6}% 32
\BOOKMARK [2][-]{subsection.0.6.2}{\376\377\004\024\004\070\004\101\004\072\004\076\004\075\004\102\004\075\004\113\004\071\000\040\004\101\004\065\004\100\004\062\004\065\004\100}{section.0.6}% 33
\BOOKMARK [1][-]{section.0.7}{\376\377\004\025\004\023\004\020\004\030\004\041}{}% 34
\BOOKMARK [2][-]{subsection.0.7.1}{\376\377\004\020\004\073\004\063\004\076\004\100\004\070\004\102\004\074\004\113\000\040\004\025\004\023\004\020\004\030\004\041}{section.0.7}% 35
\BOOKMARK [2][-]{subsection.0.7.2}{\376\377\004\036\004\101\004\076\004\061\004\065\004\075\004\075\004\076\004\101\004\102\004\070\000\040\004\077\004\060\004\100\004\102\004\070\004\076\004\075\004\075\004\076\004\063\004\076\000\040\004\103\004\107\004\065\004\102\004\060}{section.0.7}% 36
\BOOKMARK [1][-]{section.0.8}{\376\377\004\040\004\034\004\032}{}% 37
\BOOKMARK [2][-]{subsection.0.8.1}{\376\377\004\020\004\073\004\063\004\076\004\100\004\070\004\102\004\074\004\113\000\040\004\040\004\034\004\032}{section.0.8}% 38
\BOOKMARK [1][-]{section.0.9}{\376\377\004\042\004\060\004\061\004\060\004\072}{}% 39
\BOOKMARK [2][-]{subsection.0.9.1}{\376\377\004\020\004\073\004\063\004\076\004\100\004\070\004\102\004\074\004\113\000\040\004\100\004\060\004\061\004\076\004\102\004\113\000\040\004\101\000\040\004\102\004\060\004\061\004\060\004\072\004\076\004\074}{section.0.9}% 40
\BOOKMARK [1][-]{section.0.10}{\376\377\004\041\004\065\004\100\004\062\004\070\004\101}{}% 41
\BOOKMARK [2][-]{subsection.0.10.1}{\376\377\004\037\004\065\004\107\004\060\004\102\004\114\000\040\004\115\004\102\004\070\004\072\004\065\004\102\004\076\004\072\000\040\004\070\000\040\004\106\004\065\004\075\004\075\004\070\004\072\004\076\004\062}{section.0.10}% 42
\BOOKMARK [2][-]{subsection.0.10.2}{\376\377\004\021\004\073\004\076\004\072\004\070\004\100\004\076\004\062\004\072\004\060\000\040\004\064\004\060\004\102\004\113\000\040\004\067\004\060\004\077\004\100\004\065\004\102\004\060\000\040\004\070\004\067\004\074\004\065\004\075\004\065\004\075\004\070\004\117\000\040\004\064\004\076\004\072\004\103\004\074\004\065\004\075\004\102\004\076\004\062}{section.0.10}% 43
\BOOKMARK [2][-]{subsection.0.10.3}{\376\377\004\037\004\100\004\076\004\062\004\065\004\100\004\072\004\060\000\040\004\101\004\076\004\101\004\102\004\076\004\117\004\075\004\070\004\117\000\040\004\040\004\030\004\021}{section.0.10}% 44
\BOOKMARK [2][-]{subsection.0.10.4}{\376\377\004\032\004\076\004\075\004\102\004\100\004\076\004\073\004\114\000\040\004\076\004\101\004\102\004\060\004\102\004\072\004\076\004\062\000\040\004\102\004\076\004\062\004\060\004\100\004\060}{section.0.10}% 45
\BOOKMARK [1][-]{section.0.11}{\376\377\004\036\004\061\004\111\004\070\004\065\000\040\004\060\004\073\004\063\004\076\004\100\004\070\004\102\004\074\004\113}{}% 46
\BOOKMARK [1][-]{section.0.12}{\376\377\004\020\004\072\004\102\004\070\004\062\004\075\004\113\004\065\000\040\004\100\004\060\004\101\004\110\004\070\004\100\004\065\004\075\004\070\004\117}{}% 47
\BOOKMARK [2][-]{subsection.0.12.1}{\376\377\004\040\004\065\004\064\004\060\004\072\004\102\004\070\004\100\004\076\004\062\004\060\004\075\004\070\004\065\004\037\004\042\004\070\004\043\004\030\004\102\004\076\004\063\004\041\004\035\004\060\004\101\004\102\004\100\004\076\004\071\004\072\004\076\004\071}{section.0.12}% 48
\BOOKMARK [3][-]{subsubsection.0.12.1.1}{\376\377\004\036\004\077\004\070\004\101\004\060\004\075\004\070\004\065}{subsection.0.12.1}% 49
\BOOKMARK [2][-]{subsection.0.12.2}{\376\377\004\027\004\060\004\077\004\073\004\060\004\102\004\072\004\070\000\040\004\025\004\023\004\020\004\030\004\041\000\040\0002\000\040\0002\000\040\0001\0002\000\040\0003\0000}{section.0.12}% 50
\BOOKMARK [3][-]{subsubsection.0.12.2.1}{\376\377\004\036\004\077\004\070\004\101\004\060\004\075\004\070\004\065}{subsection.0.12.2}% 51
\BOOKMARK [2][-]{subsection.0.12.3}{\376\377\004\022\004\113\004\063\004\100\004\103\004\067\004\072\004\060\004\041\004\021\004\103\004\105\004\063\004\060\004\073\004\102\004\065\004\100\004\070\004\116}{section.0.12}% 52
\BOOKMARK [2][-]{subsection.0.12.4}{\376\377\004\040\004\060\004\061\004\076\004\102\004\060\004\041\004\021\004\073\004\076\004\072\004\070\004\100\004\076\004\062\004\072\004\076\004\071\004\035\004\076\004\074\004\065\004\075\004\072\004\073\004\060\004\102\004\103\004\100\004\113\004\037\004\076\004\040\004\065\004\072\004\062\004\070\004\067\004\070\004\102\004\060\004\074}{section.0.12}% 53
\BOOKMARK [2][-]{subsection.0.12.5}{\376\377\004\100\004\110\004\024\004\024\004\041}{section.0.12}% 54
\BOOKMARK [2][-]{subsection.0.12.6}{\376\377\004\041\004\061\004\100\004\076\004\101\004\044\004\070\004\073\004\114\004\102\004\100\004\060\004\041\004\076\004\102\004\100\004\103\004\064\004\075\004\070\004\072\004\076\004\062\004\022\004\022\004\113\004\077\004\073\004\060\004\102\004\065\004\027\004\037}{section.0.12}% 55
\BOOKMARK [2][-]{subsection.0.12.7}{\376\377\004\021\004\073\004\076\004\072\004\070\004\100\004\076\004\062\004\072\004\060\004\041\004\077\004\100\004\036\004\100\004\063\004\060\004\075\004\070\004\067\004\060\004\106\004\070\004\070}{section.0.12}% 56
\BOOKMARK [2][-]{subsection.0.12.8}{\376\377\004\021\004\073\004\076\004\072\004\070\004\100\004\076\004\062\004\072\004\060\004\041\004\077\004\100\004\044\004\070\004\067\004\033\004\070\004\106\004\060}{section.0.12}% 57
\BOOKMARK [2][-]{subsection.0.12.9}{\376\377\004\100\004\110\004\024\004\024\004\041}{section.0.12}% 58
\BOOKMARK [2][-]{subsection.0.12.10}{\376\377\004\024\004\060\004\102\004\113\004\027\004\060\004\077\004\100\004\065\004\102\004\060}{section.0.12}% 59
\BOOKMARK [2][-]{subsection.0.12.11}{\376\377\004\027\004\060\004\077\004\073\004\060\004\102\004\072\004\070\004\037\004\076\004\101\004\073\004\065\000\040\0002\000\040\0002\000\040\0001\0002\000\040\0003\0000}{section.0.12}% 60
\BOOKMARK [2][-]{subsection.0.12.12}{\376\377\004\027\004\060\004\077\004\073\004\060\004\102\004\072\004\070\004\034\004\036\004\042\004\037}{section.0.12}% 61
\BOOKMARK [2][-]{subsection.0.12.13}{\376\377\004\022\004\065\004\101\004\113\004\024\004\076\004\061\004\060\004\062\004\073\004\065\004\075\004\070\004\065\000P\000L\000U}{section.0.12}% 62
\BOOKMARK [2][-]{subsection.0.12.14}{\376\377\004\045\004\060\004\073\004\062\004\060\000\137\004\022\000\137\004\040\004\034\004\032}{section.0.12}% 63
\BOOKMARK [1][-]{section.0.13}{\376\377\004\041\004\077\004\100\004\060\004\062\004\076\004\107\004\075\004\070\004\072\004\070}{}% 64
\BOOKMARK [2][-]{subsection.0.13.1}{\376\377\004\035\004\076\004\074\004\065\004\075\004\072\004\073\004\060\004\102\004\103\004\100\004\060}{section.0.13}% 65
\BOOKMARK [2][-]{subsection.0.13.2}{\376\377\004\036\004\100\004\063\004\060\004\075\004\070\004\067\004\060\004\106\004\070\004\070}{section.0.13}% 66
\BOOKMARK [2][-]{subsection.0.13.3}{\376\377\004\044\004\070\004\067\004\070\004\107\004\065\004\101\004\072\004\070\004\065\004\033\004\070\004\106\004\060}{section.0.13}% 67
\BOOKMARK [2][-]{subsection.0.13.4}{\376\377\004\041\004\102\004\060\004\102\004\114\004\070\004\024\004\062\004\070\004\066\004\065\004\075\004\070\004\117\004\024\004\065\004\075\004\065\004\066\004\075\004\113\004\105\004\041\004\100\004\065\004\064\004\101\004\102\004\062}{section.0.13}% 68
\BOOKMARK [1][-]{section.0.14}{\376\377\004\024\004\076\004\077\004\076\004\073\004\075\004\070\004\102\004\065\004\073\004\114\004\075\004\113\004\065\000\040\004\076\004\077\004\070\004\101\004\060\004\075\004\070\004\117}{}% 69
\BOOKMARK [2][-]{subsection.0.14.1}{\376\377\004\040\004\060\004\061\004\076\004\102\004\060\000\040\004\101\000\040\004\062\004\065\004\101\004\060\004\074\004\070}{section.0.14}% 70
\BOOKMARK [2][-]{subsection.0.14.2}{\376\377\004\041\004\065\004\061\004\065\004\101\004\102\004\076\004\070\004\074\004\076\004\101\004\102\004\114\000\040\004\075\004\076\004\074\004\065\004\075\004\072\004\073\004\060\004\102\004\103\004\100\004\113}{section.0.14}% 71
\BOOKMARK [2][-]{subsection.0.14.3}{\376\377\004\024\004\062\004\070\004\066\004\065\004\075\004\070\004\065\000\040\004\062\004\076\004\067\004\062\004\100\004\060\004\102\004\075\004\076\004\071\000\040\004\102\004\060\004\100\004\113\000\040\004\070\000\040\004\076\004\061\004\076\004\100\004\103\004\064\004\076\004\062\004\060\004\075\004\070\004\117}{section.0.14}% 72
\BOOKMARK [2][-]{subsection.0.14.4}{\376\377\004\034\004\065\004\105\004\060\004\075\004\070\004\067\004\074\000\040\004\101\004\061\004\076\004\100\004\072\004\070\000\040\004\102\004\076\004\062\004\060\004\100\004\076\004\062}{section.0.14}% 73
\BOOKMARK [2][-]{subsection.0.14.5}{\376\377\004\037\004\076\004\074\004\065\004\107\004\065\004\075\004\075\004\060\004\117\000\040\004\075\004\060\000\040\004\103\004\064\004\060\004\073\004\065\004\075\004\070\004\065\000\040\004\075\004\076\004\074\004\065\004\075\004\072\004\073\004\060\004\102\004\103\004\100\004\060\000\040\004\062\000\040\004\064\004\076\004\072\004\103\004\074\004\065\004\075\004\102\004\060\004\105}{section.0.14}% 74
\BOOKMARK [2][-]{subsection.0.14.6}{\376\377\004\046\004\065\004\075\004\113\000\040\004\062\000\040\004\064\004\076\004\072\004\103\004\074\004\065\004\075\004\102\004\065\000\040\004\037\004\076\004\101\004\102\004\103\004\077\004\073\004\065\004\075\004\070\004\065\000\040\004\102\004\076\004\062\004\060\004\100\004\076\004\062}{section.0.14}% 75
\BOOKMARK [2][-]{subsection.0.14.7}{\376\377\004\024\004\076\004\072\004\103\004\074\004\065\004\075\004\102\000\040\004\077\004\065\004\100\004\065\004\074\004\065\004\111\004\065\004\075\004\070\004\065\000,\000\040\004\067\004\060\004\077\004\076\004\073\004\075\004\065\004\075\004\070\004\065\000\040\004\077\004\076\000\040\004\062\004\070\004\064\004\103\000\040\004\106\004\065\004\075}{section.0.14}% 76
\BOOKMARK [2][-]{subsection.0.14.8}{\376\377\004\024\004\076\004\072\004\103\004\074\004\065\004\075\004\102\000\040\004\042\004\042\004\035\000\040\004\030\004\101\004\105\004\076\004\064\004\117\004\111\004\060\004\117\000,\000\040\004\075\004\060\000\040\004\076\004\101\004\075\004\076\004\062\004\060\004\075\004\070\004\070\000\040\004\062\004\076\004\067\004\062\004\100\004\060\004\102\004\060}{section.0.14}% 77
\BOOKMARK [2][-]{subsection.0.14.9}{\376\377\004\032\004\076\004\075\004\102\004\100\004\076\004\073\004\114\000\040\004\076\004\101\004\102\004\060\004\102\004\072\004\076\004\062\000\040\004\060\004\073\004\072\004\076\004\063\004\076\004\073\004\114\004\075\004\076\004\071\000\040\004\077\004\100\004\076\004\064\004\103\004\072\004\106\004\070\004\070}{section.0.14}% 78
\BOOKMARK [2][-]{subsection.0.14.10}{\376\377\004\020\004\072\004\102\000\040\004\101\004\077\004\070\004\101\004\060\004\075\004\070\004\117\000,\000\040\004\077\004\065\004\100\004\065\004\067\004\060\004\077\004\076\004\073\004\075\004\065\004\075\004\070\004\065\000\040\004\075\004\060\000\040\004\076\004\101\004\075\004\076\004\062\004\060\004\075\004\070\004\070\000\040\004\036\004\040\004\037}{section.0.14}% 79
\BOOKMARK [2][-]{subsection.0.14.11}{\376\377\004\024\004\076\004\072\004\103\004\074\004\065\004\075\004\102\000\040\000<\000<\004\027\004\060\004\100\004\077\004\073\004\060\004\102\004\060\000\040\004\072\000\040\004\062\004\113\004\077\004\073\004\060\004\102\004\065\000\040\004\076\004\100\004\063\004\060\004\075\004\070\004\067\004\060\004\106\004\070\004\071\000>\000>}{section.0.14}% 80
\BOOKMARK [2][-]{subsection.0.14.12}{\376\377\004\046\004\065\004\075\004\113\000\040\004\062\000\040\004\064\004\076\004\072\004\103\004\074\004\065\004\075\004\102\004\065\000\040\000<\000<\004\043\004\101\004\102\004\060\004\075\004\076\004\062\004\072\004\060\000\040\004\106\004\065\004\075\000\040\004\075\004\076\004\074\004\065\004\075\004\072\004\073\004\060\004\102\004\103\004\100\004\113\000>\000>}{section.0.14}% 81
\BOOKMARK [1][-]{section.Alph0.1}{\376\377\004\037\004\100\004\070\004\073\004\076\004\066\004\065\004\075\004\070\004\065\000:\000\040\004\032\004\076\004\075\004\101\004\102\004\060\004\075\004\102\004\113\000\040\004\070\000\040\004\070\004\105\000\040\004\076\004\077\004\070\004\101\004\060\004\075\004\070\004\065}{}% 82
